[22Sep2025 14:02:41.901] [main/INFO] [cpw.mods.modlauncher.Launcher/MODLAUNCHER]: ModLauncher running: args [--launchTarget, forgeclientuserdev, --version, 21.1.65, --assetIndex, 17, --assetsDir, C:\\Users\\squis\\.gradle\\caches\\neoformruntime\\assets, --gameDir, ., --fml.neoForgeVersion, 21.1.65, --fml.fmlVersion, 4.0.24, --fml.mcVersion, 1.21.1, --fml.neoFormVersion, 20240808.144430]
[22Sep2025 14:02:41.903] [main/INFO] [cpw.mods.modlauncher.Launcher/MODLAUNCHER]: JVM identified as Oracle Corporation OpenJDK 64-Bit Server VM 21.0.1+12-29
[22Sep2025 14:02:41.904] [main/INFO] [cpw.mods.modlauncher.Launcher/MODLAUNCHER]: ModLauncher 11.0.4+main.d2e20e43 starting: java version 21.0.1 by Oracle Corporation; OS Windows 10 arch amd64 version 10.0
[22Sep2025 14:02:42.005] [main/INFO] [net.neoforged.fml.loading.ImmediateWindowHandler/]: Loading ImmediateWindowProvider fmlearlywindow
[22Sep2025 14:02:42.144] [main/INFO] [EARLYDISPLAY/]: Trying GL version 4.6
[22Sep2025 14:02:42.285] [main/INFO] [EARLYDISPLAY/]: Requested GL version 4.6 got version 4.6
[22Sep2025 14:02:42.379] [main/INFO] [mixin/]: SpongePowered MIXIN Subsystem Version=0.8.7 Source=union:/C:/Users/squis/.gradle/caches/modules-2/files-2.1/net.fabricmc/sponge-mixin/0.15.2+mixin.0.8.7/2af2f021d8e02a0220dc27a7a72b4666d66d44ca/sponge-mixin-0.15.2+mixin.0.8.7.jar%23131!/ Service=ModLauncher Env=CLIENT
[22Sep2025 14:02:42.603] [pool-2-thread-1/INFO] [EARLYDISPLAY/]: GL info: NVIDIA GeForce RTX 2060 SUPER/PCIe/SSE2 GL version 4.6.0 NVIDIA 566.36, NVIDIA Corporation
[22Sep2025 14:02:42.817] [main/INFO] [net.neoforged.fml.loading.moddiscovery.locators.JarInJarDependencyLocator/]: Found 2 dependencies adding them to mods collection
[22Sep2025 14:02:43.668] [main/INFO] [mixin/]: Compatibility level set to JAVA_17
[22Sep2025 14:02:43.670] [main/INFO] [mixin/]: Compatibility level set to JAVA_21
[22Sep2025 14:02:43.680] [main/INFO] [cpw.mods.modlauncher.LaunchServiceHandler/MODLAUNCHER]: Launching target 'forgeclientuserdev' with arguments [--version, 21.1.65, --gameDir, ., --assetsDir, C:\Users\squis\.gradle\caches\neoformruntime\assets, --assetIndex, 17]
[22Sep2025 14:02:43.744] [main/WARN] [mixin/]: Reference map 'geckolib.refmap.json' for geckolib.mixins.json could not be read. If this is a development environment you can ignore this message
[22Sep2025 14:02:43.745] [main/WARN] [mixin/]: Reference map 'sentinellib.refmap.json' for sentinellib.mixins.json could not be read. If this is a development environment you can ignore this message
[22Sep2025 14:02:45.336] [Datafixer Bootstrap/INFO] [com.mojang.datafixers.DataFixerBuilder/]: 229 Datafixer optimizations took 402 milliseconds
[22Sep2025 14:02:45.530] [pool-8-thread-1/INFO] [MixinExtras|Service/]: Initializing MixinExtras via com.llamalad7.mixinextras.service.MixinExtrasServiceImpl(version=0.4.1).
[22Sep2025 14:02:49.924] [main/WARN] [net.minecraft.commands.Commands/]: Ambiguity between arguments [teleport, location] and [teleport, destination] with inputs: [0.1 -0.5 .9, 0 0 0]
[22Sep2025 14:02:49.925] [main/WARN] [net.minecraft.commands.Commands/]: Ambiguity between arguments [teleport, location] and [teleport, targets] with inputs: [0.1 -0.5 .9, 0 0 0]
[22Sep2025 14:02:49.928] [main/WARN] [net.minecraft.commands.Commands/]: Ambiguity between arguments [teleport, destination] and [teleport, targets] with inputs: [Player, 0123, @e, dd12be42-52a9-4a91-a8a1-11c01849e498]
[22Sep2025 14:02:49.929] [main/WARN] [net.minecraft.commands.Commands/]: Ambiguity between arguments [teleport, targets] and [teleport, destination] with inputs: [Player, 0123, dd12be42-52a9-4a91-a8a1-11c01849e498]
[22Sep2025 14:02:49.929] [main/WARN] [net.minecraft.commands.Commands/]: Ambiguity between arguments [teleport, targets, location] and [teleport, targets, destination] with inputs: [0.1 -0.5 .9, 0 0 0]
[22Sep2025 14:02:50.033] [Render thread/WARN] [net.minecraft.server.packs.VanillaPackResourcesBuilder/]: Assets URL 'union:/D:/mcmods/SentinelLibNeo/build/moddev/artifacts/neoforge-21.1.65-minecraft-merged.jar%23183!/assets/.mcassetsroot' uses unexpected schema
[22Sep2025 14:02:50.033] [Render thread/WARN] [net.minecraft.server.packs.VanillaPackResourcesBuilder/]: Assets URL 'union:/D:/mcmods/SentinelLibNeo/build/moddev/artifacts/neoforge-21.1.65-minecraft-merged.jar%23183!/data/.mcassetsroot' uses unexpected schema
[22Sep2025 14:02:50.055] [Render thread/INFO] [com.mojang.authlib.yggdrasil.YggdrasilAuthenticationService/]: Environment: Environment[sessionHost=https://sessionserver.mojang.com, servicesHost=https://api.minecraftservices.com, name=PROD]
[22Sep2025 14:02:50.076] [Render thread/INFO] [net.minecraft.client.Minecraft/]: Setting user: Dev
[22Sep2025 14:02:50.151] [Render thread/INFO] [net.minecraft.client.Minecraft/]: Backend library: LWJGL version 3.3.3+5
[22Sep2025 14:02:50.376] [modloading-worker-0/INFO] [net.neoforged.neoforge.common.NeoForgeMod/NEOFORGE-MOD]: NeoForge mod loading, version 21.1.65, for MC 1.21.1
[22Sep2025 14:02:51.109] [Render thread/INFO] [net.neoforged.neoforge.gametest.GameTestHooks/]: Enabled Gametest Namespaces: [sentinellib]
[22Sep2025 14:02:51.338] [Render thread/INFO] [net.minecraft.server.packs.resources.ReloadableResourceManager/]: Reloading ResourceManager: vanilla, mod_resources, mod/geckolib, mod/sentinellib, mod/neoforge
[22Sep2025 14:02:51.447] [Worker-Main-3/INFO] [net.minecraft.client.gui.font.providers.UnihexProvider/]: Found unifont_all_no_pua-15.1.05.hex, loading
[22Sep2025 14:02:51.454] [Worker-Main-2/INFO] [net.minecraft.client.gui.font.providers.UnihexProvider/]: Found unifont_jp_patch-15.1.05.hex, loading
[22Sep2025 14:02:52.167] [Worker-Main-12/WARN] [net.minecraft.client.resources.model.ModelBakery/]: Unable to load model: 'sentinellib:item/debug' referenced from: sentinellib:item/debug: java.io.FileNotFoundException: sentinellib:models/item/debug.json
[22Sep2025 14:02:52.806] [Render thread/WARN] [net.minecraft.client.sounds.SoundEngine/]: Missing sound for event: minecraft:item.goat_horn.play
[22Sep2025 14:02:52.806] [Render thread/WARN] [net.minecraft.client.sounds.SoundEngine/]: Missing sound for event: minecraft:entity.goat.screaming.horn_break
[22Sep2025 14:02:52.842] [Render thread/INFO] [com.mojang.blaze3d.audio.Library/]: OpenAL initialized on device OpenAL Soft on SteelSeries Sonar - Gaming (SteelSeries Sonar Virtual Audio Device)
[22Sep2025 14:02:52.843] [Render thread/INFO] [net.minecraft.client.sounds.SoundEngine/SOUNDS]: Sound engine started
[22Sep2025 14:02:52.988] [Render thread/INFO] [net.minecraft.client.renderer.texture.TextureAtlas/]: Created: 1024x512x4 minecraft:textures/atlas/blocks.png-atlas
[22Sep2025 14:02:52.996] [Render thread/INFO] [net.minecraft.client.renderer.texture.TextureAtlas/]: Created: 256x256x4 minecraft:textures/atlas/signs.png-atlas
[22Sep2025 14:02:52.996] [Render thread/INFO] [net.minecraft.client.renderer.texture.TextureAtlas/]: Created: 512x512x4 minecraft:textures/atlas/banner_patterns.png-atlas
[22Sep2025 14:02:52.996] [Render thread/INFO] [net.minecraft.client.renderer.texture.TextureAtlas/]: Created: 512x512x4 minecraft:textures/atlas/shield_patterns.png-atlas
[22Sep2025 14:02:52.996] [Render thread/INFO] [net.minecraft.client.renderer.texture.TextureAtlas/]: Created: 1024x1024x4 minecraft:textures/atlas/armor_trims.png-atlas
[22Sep2025 14:02:52.999] [Render thread/INFO] [net.minecraft.client.renderer.texture.TextureAtlas/]: Created: 128x64x4 minecraft:textures/atlas/decorated_pot.png-atlas
[22Sep2025 14:02:52.999] [Render thread/INFO] [net.minecraft.client.renderer.texture.TextureAtlas/]: Created: 256x256x4 minecraft:textures/atlas/chest.png-atlas
[22Sep2025 14:02:52.999] [Render thread/INFO] [net.minecraft.client.renderer.texture.TextureAtlas/]: Created: 512x256x4 minecraft:textures/atlas/shulker_boxes.png-atlas
[22Sep2025 14:02:52.999] [Render thread/INFO] [net.minecraft.client.renderer.texture.TextureAtlas/]: Created: 512x256x4 minecraft:textures/atlas/beds.png-atlas
[22Sep2025 14:02:53.122] [Render thread/INFO] [net.minecraft.client.renderer.texture.TextureAtlas/]: Created: 512x256x0 minecraft:textures/atlas/particles.png-atlas
[22Sep2025 14:02:53.124] [Render thread/INFO] [net.minecraft.client.renderer.texture.TextureAtlas/]: Created: 512x256x0 minecraft:textures/atlas/paintings.png-atlas
[22Sep2025 14:02:53.124] [Render thread/INFO] [net.minecraft.client.renderer.texture.TextureAtlas/]: Created: 256x128x0 minecraft:textures/atlas/mob_effects.png-atlas
[22Sep2025 14:02:53.124] [Render thread/INFO] [net.minecraft.client.renderer.texture.TextureAtlas/]: Created: 64x64x0 minecraft:textures/atlas/map_decorations.png-atlas
[22Sep2025 14:02:53.124] [Render thread/INFO] [net.minecraft.client.renderer.texture.TextureAtlas/]: Created: 1024x512x0 minecraft:textures/atlas/gui.png-atlas
[22Sep2025 14:02:53.151] [Render thread/WARN] [net.minecraft.client.renderer.ShaderInstance/]: Shader rendertype_entity_translucent_emissive could not find sampler named Sampler2 in the specified shader program.
[22Sep2025 14:02:53.208] [Render thread/INFO] [net.neoforged.neoforge.client.entity.animation.json.AnimationLoader/]: Loaded 0 entity animations
[22Sep2025 14:02:57.237] [Render thread/INFO] [net.minecraft.world.item.crafting.RecipeManager/]: Loaded 1290 recipes
[22Sep2025 14:02:57.405] [Render thread/INFO] [net.minecraft.advancements.AdvancementTree/]: Loaded 1399 advancements
[22Sep2025 14:02:57.414] [Render thread/INFO] [Sentinel Lib/]: Loaded 1 sentinel models
[22Sep2025 14:02:57.416] [Render thread/INFO] [Sentinel Lib/]: Loaded 1 sentinel animations
[22Sep2025 14:02:57.838] [Server thread/INFO] [net.minecraft.client.server.IntegratedServer/]: Starting integrated minecraft server version 1.21.1
[22Sep2025 14:02:57.839] [Server thread/INFO] [net.minecraft.server.MinecraftServer/]: Generating keypair
[22Sep2025 14:02:58.829] [Server thread/INFO] [net.minecraft.server.MinecraftServer/]: Preparing start region for dimension minecraft:overworld
[22Sep2025 14:02:59.077] [progressListener/INFO] [net.minecraft.server.level.progress.LoggerChunkProgressListener/]: Preparing spawn area: 0%
[22Sep2025 14:02:59.203] [Server thread/INFO] [net.neoforged.neoforge.server.permission.PermissionAPI/]: Successfully initialized permission handler neoforge:default_handler
[22Sep2025 14:02:59.205] [progressListener/INFO] [net.minecraft.server.level.progress.LoggerChunkProgressListener/]: Time elapsed: 365 ms
[22Sep2025 14:02:59.285] [Server thread/INFO] [net.minecraft.client.server.IntegratedServer/]: Changing view distance to 12, from 10
[22Sep2025 14:02:59.285] [Server thread/INFO] [net.minecraft.client.server.IntegratedServer/]: Changing simulation distance to 12, from 0
[22Sep2025 14:03:00.063] [Server thread/INFO] [net.minecraft.server.players.PlayerList/]: Dev[local:E:57dd255b] logged in with entity id 70 at (22.24691686475269, 64.49520087700593, -26.248178108463982)
[22Sep2025 14:03:00.140] [Server thread/INFO] [net.minecraft.server.MinecraftServer/]: Dev joined the game
[22Sep2025 14:03:00.386] [Render thread/INFO] [net.minecraft.advancements.AdvancementTree/]: Loaded 171 advancements
[22Sep2025 14:03:04.926] [Server thread/INFO] [net.minecraft.server.MinecraftServer/]: [Dev: Summoned new entity.sentinellib.ice_mist]
[22Sep2025 14:03:04.936] [Render thread/INFO] [net.minecraft.client.gui.components.ChatComponent/]: [System] [CHAT] Summoned new entity.sentinellib.ice_mist
[22Sep2025 14:03:04.956] [Server thread/INFO] [Sentinel Lib/]: ( 2.333E+1  6.612E+1 -2.512E+1)
[22Sep2025 14:03:04.976] [Server thread/INFO] [Sentinel Lib/]: ( 2.333E+1  6.612E+1 -2.512E+1)
[22Sep2025 14:03:05.022] [Server thread/INFO] [Sentinel Lib/]: ( 2.333E+1  6.612E+1 -2.512E+1)
[22Sep2025 14:03:05.065] [Server thread/INFO] [Sentinel Lib/]: ( 2.333E+1  6.612E+1 -2.512E+1)
[22Sep2025 14:03:05.119] [Server thread/INFO] [Sentinel Lib/]: ( 2.333E+1  6.612E+1 -2.512E+1)
[22Sep2025 14:03:05.169] [Server thread/INFO] [Sentinel Lib/]: ( 2.333E+1  6.612E+1 -2.512E+1)
[22Sep2025 14:03:05.216] [Server thread/INFO] [Sentinel Lib/]: ( 2.333E+1  6.612E+1 -2.512E+1)
[22Sep2025 14:03:05.265] [Server thread/INFO] [Sentinel Lib/]: ( 2.333E+1  6.612E+1 -2.512E+1)
[22Sep2025 14:03:05.314] [Server thread/INFO] [Sentinel Lib/]: ( 2.333E+1  6.612E+1 -2.512E+1)
[22Sep2025 14:03:05.365] [Server thread/INFO] [Sentinel Lib/]: ( 2.333E+1  6.612E+1 -2.512E+1)
[22Sep2025 14:03:05.414] [Server thread/INFO] [Sentinel Lib/]: ( 2.333E+1  6.612E+1 -2.512E+1)
[22Sep2025 14:03:05.465] [Server thread/INFO] [Sentinel Lib/]: ( 2.333E+1  6.612E+1 -2.512E+1)
[22Sep2025 14:03:05.515] [Server thread/INFO] [Sentinel Lib/]: ( 2.333E+1  6.612E+1 -2.512E+1)
[22Sep2025 14:03:05.569] [Server thread/INFO] [Sentinel Lib/]: ( 2.333E+1  6.612E+1 -2.512E+1)
[22Sep2025 14:03:05.615] [Server thread/INFO] [Sentinel Lib/]: ( 2.333E+1  6.612E+1 -2.512E+1)
[22Sep2025 14:03:05.665] [Server thread/INFO] [Sentinel Lib/]: ( 2.333E+1  6.612E+1 -2.512E+1)
[22Sep2025 14:03:05.716] [Server thread/INFO] [Sentinel Lib/]: ( 2.333E+1  6.612E+1 -2.512E+1)
[22Sep2025 14:03:05.762] [Server thread/INFO] [Sentinel Lib/]: ( 2.333E+1  6.612E+1 -2.512E+1)
[22Sep2025 14:03:05.813] [Server thread/INFO] [Sentinel Lib/]: ( 2.333E+1  6.612E+1 -2.512E+1)
[22Sep2025 14:03:05.863] [Server thread/INFO] [Sentinel Lib/]: ( 2.333E+1  6.612E+1 -2.512E+1)
[22Sep2025 14:03:05.910] [Server thread/INFO] [Sentinel Lib/]: ( 2.333E+1  6.612E+1 -2.512E+1)
[22Sep2025 14:03:05.963] [Server thread/INFO] [Sentinel Lib/]: ( 2.333E+1  6.612E+1 -2.512E+1)
[22Sep2025 14:03:06.015] [Server thread/INFO] [Sentinel Lib/]: ( 2.333E+1  6.612E+1 -2.512E+1)
[22Sep2025 14:03:06.061] [Server thread/INFO] [Sentinel Lib/]: ( 2.333E+1  6.612E+1 -2.512E+1)
[22Sep2025 14:03:06.110] [Server thread/INFO] [Sentinel Lib/]: ( 2.333E+1  6.612E+1 -2.512E+1)
[22Sep2025 14:03:06.161] [Server thread/INFO] [Sentinel Lib/]: ( 2.333E+1  6.612E+1 -2.512E+1)
[22Sep2025 14:03:06.208] [Server thread/INFO] [Sentinel Lib/]: ( 2.333E+1  6.612E+1 -2.512E+1)
[22Sep2025 14:03:06.260] [Server thread/INFO] [Sentinel Lib/]: ( 2.333E+1  6.612E+1 -2.512E+1)
[22Sep2025 14:03:06.312] [Server thread/INFO] [Sentinel Lib/]: ( 2.333E+1  6.612E+1 -2.512E+1)
[22Sep2025 14:03:06.361] [Server thread/INFO] [Sentinel Lib/]: ( 2.333E+1  6.612E+1 -2.512E+1)
[22Sep2025 14:03:06.411] [Server thread/INFO] [Sentinel Lib/]: ( 2.333E+1  6.612E+1 -2.512E+1)
[22Sep2025 14:03:06.459] [Server thread/INFO] [Sentinel Lib/]: ( 2.333E+1  6.612E+1 -2.512E+1)
[22Sep2025 14:03:06.510] [Server thread/INFO] [Sentinel Lib/]: ( 2.333E+1  6.612E+1 -2.512E+1)
[22Sep2025 14:03:06.560] [Server thread/INFO] [Sentinel Lib/]: ( 2.333E+1  6.612E+1 -2.512E+1)
[22Sep2025 14:03:06.610] [Server thread/INFO] [Sentinel Lib/]: ( 2.333E+1  6.612E+1 -2.512E+1)
[22Sep2025 14:03:06.660] [Server thread/INFO] [Sentinel Lib/]: ( 2.333E+1  6.612E+1 -2.512E+1)
[22Sep2025 14:03:06.711] [Server thread/INFO] [Sentinel Lib/]: ( 2.333E+1  6.612E+1 -2.512E+1)
[22Sep2025 14:03:06.760] [Server thread/INFO] [Sentinel Lib/]: ( 2.333E+1  6.612E+1 -2.512E+1)
[22Sep2025 14:03:06.809] [Server thread/INFO] [Sentinel Lib/]: ( 2.333E+1  6.612E+1 -2.512E+1)
[22Sep2025 14:03:06.859] [Server thread/INFO] [Sentinel Lib/]: ( 2.333E+1  6.612E+1 -2.512E+1)
[22Sep2025 14:03:06.910] [Server thread/INFO] [Sentinel Lib/]: ( 2.333E+1  6.612E+1 -2.512E+1)
[22Sep2025 14:03:06.961] [Server thread/INFO] [Sentinel Lib/]: ( 2.333E+1  6.612E+1 -2.512E+1)
[22Sep2025 14:03:07.009] [Server thread/INFO] [Sentinel Lib/]: ( 2.333E+1  6.612E+1 -2.512E+1)
[22Sep2025 14:03:07.061] [Server thread/INFO] [Sentinel Lib/]: ( 2.333E+1  6.612E+1 -2.512E+1)
[22Sep2025 14:03:07.109] [Server thread/INFO] [Sentinel Lib/]: ( 2.333E+1  6.612E+1 -2.512E+1)
[22Sep2025 14:03:07.160] [Server thread/INFO] [Sentinel Lib/]: ( 2.333E+1  6.612E+1 -2.512E+1)
[22Sep2025 14:03:07.213] [Server thread/INFO] [Sentinel Lib/]: ( 2.333E+1  6.612E+1 -2.512E+1)
[22Sep2025 14:03:07.261] [Server thread/INFO] [Sentinel Lib/]: ( 2.333E+1  6.612E+1 -2.512E+1)
[22Sep2025 14:03:07.309] [Server thread/INFO] [Sentinel Lib/]: ( 2.333E+1  6.612E+1 -2.512E+1)
[22Sep2025 14:03:07.361] [Server thread/INFO] [Sentinel Lib/]: ( 2.333E+1  6.612E+1 -2.512E+1)
[22Sep2025 14:03:07.410] [Server thread/INFO] [Sentinel Lib/]: ( 2.333E+1  6.612E+1 -2.512E+1)
[22Sep2025 14:03:07.459] [Server thread/INFO] [Sentinel Lib/]: ( 2.333E+1  6.612E+1 -2.512E+1)
[22Sep2025 14:03:07.510] [Server thread/INFO] [Sentinel Lib/]: ( 2.333E+1  6.612E+1 -2.512E+1)
[22Sep2025 14:03:07.559] [Server thread/INFO] [Sentinel Lib/]: ( 2.333E+1  6.612E+1 -2.512E+1)
[22Sep2025 14:03:07.610] [Server thread/INFO] [Sentinel Lib/]: ( 2.333E+1  6.612E+1 -2.512E+1)
[22Sep2025 14:03:07.659] [Server thread/INFO] [Sentinel Lib/]: ( 2.333E+1  6.612E+1 -2.512E+1)
[22Sep2025 14:03:07.709] [Server thread/INFO] [Sentinel Lib/]: ( 2.333E+1  6.612E+1 -2.512E+1)
[22Sep2025 14:03:07.746] [Render thread/INFO] [net.minecraft.client.gui.components.ChatComponent/]: [System] [CHAT] [Debug]: Hitboxes: shown
[22Sep2025 14:03:07.760] [Server thread/INFO] [Sentinel Lib/]: ( 2.333E+1  6.612E+1 -2.512E+1)
[22Sep2025 14:03:07.811] [Server thread/INFO] [Sentinel Lib/]: ( 2.333E+1  6.612E+1 -2.512E+1)
[22Sep2025 14:03:07.859] [Server thread/INFO] [Sentinel Lib/]: ( 2.333E+1  6.612E+1 -2.512E+1)
[22Sep2025 14:03:07.909] [Server thread/INFO] [Sentinel Lib/]: ( 2.333E+1  6.612E+1 -2.512E+1)
[22Sep2025 14:03:07.960] [Server thread/INFO] [Sentinel Lib/]: ( 2.333E+1  6.612E+1 -2.512E+1)
[22Sep2025 14:03:08.009] [Server thread/INFO] [Sentinel Lib/]: ( 2.333E+1  6.612E+1 -2.512E+1)
[22Sep2025 14:03:08.058] [Server thread/INFO] [Sentinel Lib/]: ( 2.333E+1  6.612E+1 -2.512E+1)
[22Sep2025 14:03:08.109] [Server thread/INFO] [Sentinel Lib/]: ( 2.333E+1  6.612E+1 -2.512E+1)
[22Sep2025 14:03:08.159] [Server thread/INFO] [Sentinel Lib/]: ( 2.333E+1  6.612E+1 -2.512E+1)
[22Sep2025 14:03:08.210] [Server thread/INFO] [Sentinel Lib/]: ( 2.333E+1  6.612E+1 -2.512E+1)
[22Sep2025 14:03:08.260] [Server thread/INFO] [Sentinel Lib/]: ( 2.333E+1  6.612E+1 -2.512E+1)
[22Sep2025 14:03:08.308] [Server thread/INFO] [Sentinel Lib/]: ( 2.333E+1  6.612E+1 -2.512E+1)
[22Sep2025 14:03:08.361] [Server thread/INFO] [Sentinel Lib/]: ( 2.333E+1  6.612E+1 -2.512E+1)
[22Sep2025 14:03:08.410] [Server thread/INFO] [Sentinel Lib/]: ( 2.333E+1  6.612E+1 -2.512E+1)
[22Sep2025 14:03:08.461] [Server thread/INFO] [Sentinel Lib/]: ( 2.333E+1  6.612E+1 -2.512E+1)
[22Sep2025 14:03:08.509] [Server thread/INFO] [Sentinel Lib/]: ( 2.333E+1  6.612E+1 -2.512E+1)
[22Sep2025 14:03:08.560] [Server thread/INFO] [Sentinel Lib/]: ( 2.333E+1  6.612E+1 -2.512E+1)
[22Sep2025 14:03:08.610] [Server thread/INFO] [Sentinel Lib/]: ( 2.333E+1  6.612E+1 -2.512E+1)
[22Sep2025 14:03:08.659] [Server thread/INFO] [Sentinel Lib/]: ( 2.333E+1  6.612E+1 -2.512E+1)
[22Sep2025 14:03:08.710] [Server thread/INFO] [Sentinel Lib/]: ( 2.333E+1  6.612E+1 -2.512E+1)
[22Sep2025 14:03:08.759] [Server thread/INFO] [Sentinel Lib/]: ( 2.333E+1  6.612E+1 -2.512E+1)
[22Sep2025 14:03:08.809] [Server thread/INFO] [Sentinel Lib/]: ( 2.333E+1  6.612E+1 -2.512E+1)
[22Sep2025 14:03:08.859] [Server thread/INFO] [Sentinel Lib/]: ( 2.333E+1  6.612E+1 -2.512E+1)
[22Sep2025 14:03:08.909] [Server thread/INFO] [Sentinel Lib/]: ( 2.333E+1  6.612E+1 -2.512E+1)
[22Sep2025 14:03:08.959] [Server thread/INFO] [Sentinel Lib/]: ( 2.333E+1  6.612E+1 -2.512E+1)
[22Sep2025 14:03:09.010] [Server thread/INFO] [Sentinel Lib/]: ( 2.333E+1  6.612E+1 -2.512E+1)
[22Sep2025 14:03:09.060] [Server thread/INFO] [Sentinel Lib/]: ( 2.333E+1  6.612E+1 -2.512E+1)
[22Sep2025 14:03:09.109] [Server thread/INFO] [Sentinel Lib/]: ( 2.333E+1  6.612E+1 -2.512E+1)
[22Sep2025 14:03:09.159] [Server thread/INFO] [Sentinel Lib/]: ( 2.333E+1  6.612E+1 -2.512E+1)
[22Sep2025 14:03:09.209] [Server thread/INFO] [Sentinel Lib/]: ( 2.333E+1  6.612E+1 -2.512E+1)
[22Sep2025 14:03:09.260] [Server thread/INFO] [Sentinel Lib/]: ( 2.333E+1  6.612E+1 -2.512E+1)
[22Sep2025 14:03:09.309] [Server thread/INFO] [Sentinel Lib/]: ( 2.333E+1  6.612E+1 -2.512E+1)
[22Sep2025 14:03:09.360] [Server thread/INFO] [Sentinel Lib/]: ( 2.333E+1  6.612E+1 -2.512E+1)
[22Sep2025 14:03:09.410] [Server thread/INFO] [Sentinel Lib/]: ( 2.333E+1  6.612E+1 -2.512E+1)
[22Sep2025 14:03:09.417] [Render thread/INFO] [net.minecraft.client.gui.components.ChatComponent/]: [System] [CHAT] [Debug]: Hitboxes: hidden
[22Sep2025 14:03:09.460] [Server thread/INFO] [Sentinel Lib/]: ( 2.333E+1  6.612E+1 -2.512E+1)
[22Sep2025 14:03:09.509] [Server thread/INFO] [Sentinel Lib/]: ( 2.333E+1  6.612E+1 -2.512E+1)
[22Sep2025 14:03:09.561] [Server thread/INFO] [Sentinel Lib/]: ( 2.333E+1  6.612E+1 -2.512E+1)
[22Sep2025 14:03:09.611] [Server thread/INFO] [Sentinel Lib/]: ( 2.333E+1  6.612E+1 -2.512E+1)
[22Sep2025 14:03:09.660] [Server thread/INFO] [Sentinel Lib/]: ( 2.333E+1  6.612E+1 -2.512E+1)
[22Sep2025 14:03:09.709] [Server thread/INFO] [Sentinel Lib/]: ( 2.333E+1  6.612E+1 -2.512E+1)
[22Sep2025 14:03:09.755] [Server thread/INFO] [net.minecraft.client.server.IntegratedServer/]: Saving and pausing game...
[22Sep2025 14:03:09.773] [Server thread/INFO] [net.minecraft.server.MinecraftServer/]: Saving chunks for level 'ServerLevel[New World]'/minecraft:overworld
[22Sep2025 14:03:09.794] [Server thread/INFO] [net.minecraft.server.MinecraftServer/]: Saving chunks for level 'ServerLevel[New World]'/minecraft:the_end
[22Sep2025 14:03:09.801] [Server thread/INFO] [net.minecraft.server.MinecraftServer/]: Saving chunks for level 'ServerLevel[New World]'/minecraft:the_nether
[22Sep2025 14:26:50.121] [Server thread/INFO] [Sentinel Lib/]: ( 2.333E+1  6.612E+1 -2.512E+1)
[22Sep2025 14:26:50.122] [Server thread/INFO] [net.minecraft.server.network.ServerGamePacketListenerImpl/]: Dev lost connection: Disconnected
[22Sep2025 14:26:50.122] [Server thread/INFO] [net.minecraft.server.MinecraftServer/]: Dev left the game
[22Sep2025 14:26:50.135] [Server thread/INFO] [net.minecraft.server.network.ServerCommonPacketListenerImpl/]: Stopping singleplayer server as player logged out
[22Sep2025 14:26:50.178] [Server thread/INFO] [net.minecraft.server.MinecraftServer/]: Stopping server
[22Sep2025 14:26:50.179] [Server thread/INFO] [net.minecraft.server.MinecraftServer/]: Saving players
[22Sep2025 14:26:50.179] [Server thread/INFO] [net.minecraft.server.MinecraftServer/]: Saving worlds
[22Sep2025 14:26:50.273] [Server thread/INFO] [net.minecraft.server.MinecraftServer/]: Saving chunks for level 'ServerLevel[New World]'/minecraft:overworld
[22Sep2025 14:26:50.336] [Server thread/INFO] [net.minecraft.server.MinecraftServer/]: Saving chunks for level 'ServerLevel[New World]'/minecraft:the_end
[22Sep2025 14:26:50.339] [Server thread/INFO] [net.minecraft.server.MinecraftServer/]: Saving chunks for level 'ServerLevel[New World]'/minecraft:the_nether
[22Sep2025 14:26:50.347] [Server thread/INFO] [net.minecraft.server.MinecraftServer/]: ThreadedAnvilChunkStorage (New World): All chunks are saved
[22Sep2025 14:26:50.347] [Server thread/INFO] [net.minecraft.server.MinecraftServer/]: ThreadedAnvilChunkStorage (DIM1): All chunks are saved
[22Sep2025 14:26:50.347] [Server thread/INFO] [net.minecraft.server.MinecraftServer/]: ThreadedAnvilChunkStorage (DIM-1): All chunks are saved
[22Sep2025 14:26:50.347] [Server thread/INFO] [net.minecraft.server.MinecraftServer/]: ThreadedAnvilChunkStorage: All dimensions are saved
[22Sep2025 14:26:50.974] [Render thread/INFO] [net.minecraft.client.Minecraft/]: Stopping!
